<?xml version="1.0" encoding="UTF-8"?>
<testsuite xmlns:xsi="http://www.w3.org/2001/XMLSchema-instance" xsi:noNamespaceSchemaLocation="https://maven.apache.org/surefire/maven-surefire-plugin/xsd/surefire-test-report-3.0.xsd" version="3.0" name="com.java_dummy_repo.java_dummy_repo.JavaDummyRepoApplicationTests" time="2.678" tests="1" errors="0" skipped="0" failures="0">
  <properties>
[...]
</properties>
  <testcase name="contextLoads" classname="com.java_dummy_repo.java_dummy_repo.JavaDummyRepoApplicationTests" time="1.083">
    <system-out><![CDATA[21:41:46.244 [main] INFO org.springframework.test.context.support.AnnotationConfigContextLoaderUtils -- Could not detect default configuration classes for test class [com.java_dummy_repo.java_dummy_repo.JavaDummyRepoApplicationTests]: JavaDummyRepoApplicationTests does not declare any static, non-private, non-final, nested classes annotated with @Configuration.
21:41:46.382 [main] INFO org.springframework.boot.test.context.SpringBootTestContextBootstrapper -- Found @SpringBootConfiguration com.java_dummy_repo.java_dummy_repo.JavaDummyRepoApplication for test class com.java_dummy_repo.java_dummy_repo.JavaDummyRepoApplicationTests
21:41:46.551 [main] INFO org.springframework.boot.devtools.restart.RestartApplicationListener -- Restart disabled due to context in which it is running

  .   ____          _            __ _ _
 /\\ / ___'_ __ _ _(_)_ __  __ _ \ \ \ \
( ( )\___ | '_ | '_| | '_ \/ _` | \ \ \ \
 \\/  ___)| |_)| | | | | || (_| |  ) ) ) )
  '  |____| .__|_| |_|_| |_\__, | / / / /
 =========|_|==============|___/=/_/_/_/

 :: Spring Boot ::                (v3.3.4)

2024-10-17T21:41:46.876-05:00  INFO 66801 --- [java_dummy_repo] [           main] c.j.j.JavaDummyRepoApplicationTests      : Starting JavaDummyRepoApplicationTests using Java 21.0.4 with PID 66801 (started by reha in /home/reha/project/java_dummy_repo)
2024-10-17T21:41:46.878-05:00  INFO 66801 --- [java_dummy_repo] [           main] c.j.j.JavaDummyRepoApplicationTests      : No active profile set, falling back to 1 default profile: "default"
2024-10-17T21:41:47.566-05:00  INFO 66801 --- [java_dummy_repo] [           main] c.j.j.JavaDummyRepoApplicationTests      : Started JavaDummyRepoApplicationTests in 1.03 seconds (process running for 2.207)
]]></system-out>
    <system-err><![CDATA[WARNING: A Java agent has been loaded dynamically (/home/reha/.m2/repository/net/bytebuddy/byte-buddy-agent/1.14.19/byte-buddy-agent-1.14.19.jar)
WARNING: If a serviceability tool is in use, please run with -XX:+EnableDynamicAgentLoading to hide this warning
WARNING: If a serviceability tool is not in use, please run with -Djdk.instrument.traceUsage for more information
WARNING: Dynamic loading of agents will be disallowed by default in a future release
]]></system-err>
  </testcase>
</testsuite>